LOG:  database system was shut down at 2017-02-11 14:03:06 MYT
LOG:  MultiXact member wraparound protections are now enabled
LOG:  database system is ready to accept connections
LOG:  autovacuum launcher started
LOG:  using stale statistics instead of current ones because stats collector is not responding
FATAL:  database "test" does not exist
FATAL:  database "test" does not exist
ERROR:  column "accesslevel" is of type bit but default expression is of type integer
HINT:  You will need to rewrite or cast the expression.
STATEMENT:  CREATE TABLE "public"."user" ("username" character varying(24), "password" character varying(24) NOT NULL, "accesslevel" bit(1) NOT NULL DEFAULT 0, PRIMARY KEY ("username")) WITHOUT OIDS
ERROR:  column "username" does not exist at character 33
STATEMENT:  SELECT COUNT(*) FROM user WHERE username = adam AND password =abc
ERROR:  column "username" does not exist at character 33
STATEMENT:  SELECT COUNT(*) FROM user WHERE username = adam AND password =adam
ERROR:  column "username" does not exist at character 33
STATEMENT:  SELECT COUNT(*) FROM user WHERE username = adam AND password =abc
ERROR:  column "username" does not exist at character 33
STATEMENT:  SELECT COUNT(*) FROM user WHERE username = 'adam' AND password ='abc'
ERROR:  column "username" does not exist at character 33
STATEMENT:  SELECT COUNT(*) FROM user WHERE username = 'adam' AND password ='adam'
ERROR:  column "username" does not exist at character 26
STATEMENT:  SELECT * FROM user WHERE username = 'adam' AND password ='adam'
ERROR:  column "username" does not exist at character 26
STATEMENT:  SELECT * FROM user WHERE username = 'adam' AND password ='adam'
ERROR:  column "username" does not exist at character 26
STATEMENT:  SELECT * FROM user WHERE username = 'adam' AND password ='adam'
LOG:  received fast shutdown request
LOG:  aborting any active transactions
LOG:  autovacuum launcher shutting down
LOG:  shutting down
LOG:  database system is shut down
