LOG:  database system was shut down at 2017-02-11 14:45:37 MYT
LOG:  MultiXact member wraparound protections are now enabled
LOG:  database system is ready to accept connections
LOG:  autovacuum launcher started
LOG:  using stale statistics instead of current ones because stats collector is not responding
ERROR:  column "username" does not exist at character 33
STATEMENT:  SELECT COUNT(*) FROM user WHERE username = 'adam' AND password ='a'
ERROR:  column "username" does not exist at character 33
STATEMENT:  SELECT COUNT(*) FROM user WHERE username = 'adam' AND password ='adam'
ERROR:  column "username" does not exist at character 33
STATEMENT:  SELECT COUNT(*) FROM user WHERE username = 'adam' AND password ='adam'
ERROR:  column "username" does not exist at character 33
STATEMENT:  SELECT COUNT(*) FROM user WHERE username = 'adam' AND password ='adam'
ERROR:  column u.username does not exist at character 35
STATEMENT:  SELECT COUNT(*) FROM user u WHERE u.username = 'adam' AND u.password ='adam'
ERROR:  column u.username does not exist at character 35
STATEMENT:  SELECT COUNT(*) FROM user u WHERE u.username = 'adam' AND u.password ='adam'
ERROR:  column u.username does not exist at character 35
STATEMENT:  SELECT COUNT(*) FROM user u WHERE u.username = 'adam' AND u.password ='adam'
ERROR:  column u.username does not exist at character 35
STATEMENT:  SELECT COUNT(*) FROM user u WHERE u.username = 'adam' AND u.password ='adam'
ERROR:  column u.username does not exist at character 35
STATEMENT:  SELECT COUNT(*) FROM user u WHERE u.username = 'adam' AND u.password ='adam'
ERROR:  column u.username does not exist at character 35
STATEMENT:  SELECT COUNT(*) FROM user u WHERE u.username = 'adam' AND u.password ='adam'
ERROR:  column "username" does not exist at character 33
STATEMENT:  SELECT COUNT(*) FROM user WHERE username = 'adam' AND password ='adam'
ERROR:  column "username" does not exist at character 33
STATEMENT:  SELECT COUNT(*) FROM user WHERE username = 'adam' AND password ='adam'
ERROR:  column "username" does not exist at character 33
STATEMENT:  SELECT COUNT(*) FROM user WHERE username = 'bcd' AND password ='bcd'
ERROR:  column "username" does not exist at character 33
STATEMENT:  SELECT COUNT(*) FROM user WHERE username = 'adam' AND password = 'adam'
ERROR:  column "username" does not exist at character 64
STATEMENT:  SELECT COUNT(*) AS total FROM (SELECT COUNT(*) FROM user WHERE username = 'adam' AND password = 'adam') AS sub
LOG:  received fast shutdown request
LOG:  aborting any active transactions
LOG:  autovacuum launcher shutting down
LOG:  shutting down
LOG:  database system is shut down
